1 4 194
1 4 126
1 4 155
1 4 79
1 3 11
1 3 101
1 4 76
1 3 68
1 4 120
1 3 153
1 4 118
1 4 105
1 5 220
1 4 128
1 3 45
1 3 162
1 3 24
1 4 155
1 4 166
1 5 228
1 4 146
1 3 79
1 3 111
1 5 150
0 2 0
1 5 92
1 5 197
1 4 168
1 4 128
1 4 155
1 3 13
1 4 89
1 3 76
1 4 124
1 3 43
1 4 76
1 4 75
1 3 162
1 4 166
1 5 167
1 4 155
1 4 102
1 4 126
1 3 50
1 4 89
1 3 109
1 5 92
1 3 81
1 5 156
1 5 147
1 3 149
1 3 35
1 4 185
0 2 0
1 5 81
1 3 81
1 4 122
1 3 11
1 3 15
1 3 117
1 4 142
1 3 87
1 4 100
1 4 79
1 4 111
1 4 146
1 3 124
1 5 200
1 6 208
1 3 80
1 3 48
1 4 89
1 4 56
1 3 48
1 4 105
0 2 0
1 3 79
1 5 200
1 5 94
1 4 76
1 4 116
1 5 220
1 4 100
1 3 79
1 4 56
1 4 163
1 5 220
1 5 147
1 5 156
1 3 45
1 5 165
1 3 77
1 4 65
1 3 117
1 4 89
1 3 80
1 5 116
1 5 220
0 2 0
1 3 114
1 3 83
1 3 50
1 4 89
1 5 147
1 3 32
1 3 79
1 3 4
1 3 126
1 4 89
1 4 194
1 4 118
1 3 139
1 4 128
1 3 85
1 3 83
1 3 90
0 2 0
1 3 87
1 4 116
1 5 156
1 5 200
1 3 46
1 4 119
1 4 146
1 3 35
1 3 78
1 6 243
1 3 15
1 4 126
1 4 56
1 4 172
1 5 94
1 5 150
1 3 43
1 4 172
1 4 74
1 3 109
1 4 137
1 3 45
1 4 74
