1529.0 5 87
1619.0 6 239
3526.0 9 294
1502.0 3 73
231.0 3 11
3526.0 8 283
1495.0 5 195
1495.0 3 68
1502.0 6 180
3526.0 9 246
3526.0 8 298
1619.0 7 227
1619.0 9 265
1502.0 5 99
1502.0 6 237
3526.0 8 217
3526.0 10 371
1502.0 6 215
1619.0 6 197
1619.0 8 184
3526.0 4 120
3526.0 9 294
1619.0 6 194
1619.0 5 168
0 2 0
1495.0 6 242
1619.0 10 374
3526.0 7 286
1502.0 5 99
1619.0 8 252
1502.0 6 205
1619.0 9 318
1495.0 4 149
3526.0 7 279
1619.0 7 206
1619.0 5 214
3526.0 10 336
3526.0 8 217
1502.0 4 160
3526.0 9 303
3526.0 9 294
3526.0 8 290
1032.0 4 202
3526.0 4 51
1502.0 7 281
1495.0 3 109
1495.0 6 242
3526.0 7 199
1619.0 10 333
1472.0 5 165
1472.0 4 110
3526.0 9 349
1529.0 6 116
0 2 0
1495.0 6 231
3526.0 7 199
1619.0 5 117
231.0 3 11
3526.0 6 166
1495.0 4 190
1472.0 4 129
1619.0 5 124
1502.0 7 292
1502.0 3 73
3526.0 7 250
3526.0 4 120
1619.0 3 12
1529.0 4 156
1619.0 6 189
1502.0 8 352
1502.0 8 320
3526.0 8 261
1502.0 7 248
1502.0 8 320
1619.0 7 227
0 2 0
3526.0 9 294
1619.0 6 193
3526.0 7 239
1619.0 5 214
1619.0 5 172
1619.0 9 265
1619.0 9 329
3526.0 9 294
1502.0 7 248
1502.0 5 134
1619.0 9 265
1472.0 5 165
1619.0 10 333
1209.0 3 45
1619.0 10 342
1495.0 3 77
1502.0 7 257
1495.0 4 190
3526.0 4 103
1502.0 8 352
3526.0 6 228
1619.0 9 265
0 2 0
3351.0 4 44
1495.0 5 176
3526.0 4 51
3526.0 4 103
1472.0 5 165
3526.0 6 164
3526.0 9 294
1502.0 6 196
1495.0 5 219
1502.0 7 281
1529.0 5 87
3526.0 8 298
664.0 3 139
1502.0 5 99
1495.0 4 158
1495.0 5 176
3526.0 11 404
0 2 0
541.0 3 87
1619.0 5 172
1619.0 6 137
1529.0 4 156
3526.0 9 360
1495.0 5 238
3526.0 4 120
3526.0 9 349
3526.0 9 392
1619.0 5 50
3526.0 6 166
1619.0 6 239
1502.0 7 248
1502.0 4 105
3526.0 7 239
1619.0 5 168
1021.0 3 43
1619.0 6 142
3526.0 6 254
1495.0 3 109
1502.0 4 70
1209.0 3 45
3526.0 6 254
