79.6734693877551 9 545
30.871794871794872 9 448
50.21052631578947 6 332
43.96666666666667 8 451
19.25 3 11
86.0 8 441
22.313432835820894 5 195
65.18072289156626 4 159
23.204545454545453 6 338
50.21052631578947 5 284
50.21052631578947 5 225
30.871794871794872 4 154
38.84782608695652 8 446
23.204545454545453 7 419
17.076923076923077 4 177
50.21052631578947 6 313
62.76470588235294 5 181
23.204545454545453 4 199
43.96666666666667 8 344
38.84782608695652 9 527
86.0 4 200
62.76470588235294 5 236
30.871794871794872 6 283
79.6734693877551 8 457
0 2 0
43.96666666666667 6 242
38.84782608695652 7 337
50.21052631578947 3 184
23.204545454545453 7 419
30.871794871794872 5 179
23.204545454545453 5 231
30.871794871794872 5 113
65.18072289156626 5 240
86.0 10 488
79.6734693877551 4 205
30.871794871794872 8 423
50.21052631578947 7 431
50.21052631578947 6 313
43.96666666666667 7 364
62.76470588235294 8 464
50.21052631578947 6 332
62.76470588235294 7 283
16.125 5 202
62.76470588235294 7 419
23.204545454545453 4 133
23.204545454545453 3 109
43.96666666666667 6 242
50.21052631578947 4 271
65.18072289156626 9 473
43.96666666666667 5 165
43.96666666666667 4 110
86.0 8 375
79.6734693877551 8 516
0 2 0
43.96666666666667 6 231
50.21052631578947 4 271
43.96666666666667 6 264
19.25 3 11
62.76470588235294 5 304
23.204545454545453 4 190
17.951219512195124 4 129
30.871794871794872 7 333
23.204545454545453 4 144
43.96666666666667 8 451
86.0 10 570
86.0 4 200
30.871794871794872 5 221
79.6734693877551 5 236
38.84782608695652 4 108
17.076923076923077 6 292
23.204545454545453 7 346
62.76470588235294 7 365
65.18072289156626 7 365
23.204545454545453 7 346
30.871794871794872 4 154
0 2 0
62.76470588235294 5 236
79.6734693877551 9 482
62.76470588235294 8 401
30.871794871794872 8 423
43.96666666666667 7 319
38.84782608695652 8 446
30.871794871794872 4 102
62.76470588235294 5 236
65.18072289156626 7 365
23.204545454545453 5 280
38.84782608695652 8 446
43.96666666666667 5 165
65.18072289156626 9 473
65.18072289156626 4 136
38.84782608695652 8 391
22.313432835820894 3 77
23.204545454545453 6 283
23.204545454545453 4 190
86.0 4 103
17.076923076923077 6 292
86.0 11 606
38.84782608695652 8 446
0 2 0
86.0 7 426
43.96666666666667 5 176
62.76470588235294 7 419
86.0 4 103
43.96666666666667 5 165
79.6734693877551 6 420
62.76470588235294 5 236
65.18072289156626 6 313
43.96666666666667 5 219
23.204545454545453 4 133
79.6734693877551 9 545
50.21052631578947 5 225
12.528301886792454 4 139
23.204545454545453 7 419
22.313432835820894 4 158
43.96666666666667 5 176
50.21052631578947 4 148
0 2 0
6.1477272727272725 3 87
43.96666666666667 7 319
38.84782608695652 5 160
79.6734693877551 5 236
86.0 8 386
23.204545454545453 5 238
86.0 4 200
86.0 8 375
86.0 7 332
38.84782608695652 6 247
62.76470588235294 5 304
30.871794871794872 9 448
65.18072289156626 7 365
43.96666666666667 6 309
62.76470588235294 8 401
79.6734693877551 8 457
23.204545454545453 3 43
43.96666666666667 7 289
86.0 9 463
23.204545454545453 3 109
43.96666666666667 8 448
65.18072289156626 4 136
86.0 9 463
